<?xml version="1.0" encoding="UTF-8"?>
<testng-results ignored="0" total="1" passed="1" failed="0" skipped="0">
  <reporter-output>
  </reporter-output>
  <suite started-at="2020-08-23T17:42:29 IST" name="Default suite" finished-at="2020-08-23T17:42:38 IST" duration-ms="8527">
    <groups>
    </groups>
    <test started-at="2020-08-23T17:42:29 IST" name="Default test" finished-at="2020-08-23T17:42:38 IST" duration-ms="8527">
      <class name="WebdriverManagerUse.CallDriverManager">
        <test-method signature="test1()[pri:0, instance:WebdriverManagerUse.CallDriverManager@77167fb7]" started-at="2020-08-23T17:42:29 IST" name="test1" finished-at="2020-08-23T17:42:38 IST" duration-ms="8455" status="PASS">
          <reporter-output>
          </reporter-output>
        </test-method> <!-- test1 -->
      </class> <!-- WebdriverManagerUse.CallDriverManager -->
    </test> <!-- Default test -->
  </suite> <!-- Default suite -->
</testng-results>
