<?xml version="1.0" encoding="UTF-8"?>
<testng-results ignored="0" total="1" passed="1" failed="0" skipped="0">
  <reporter-output>
  </reporter-output>
  <suite started-at="2020-08-20T10:55:28 IST" name="Suite" finished-at="2020-08-20T10:55:35 IST" duration-ms="7634">
    <groups>
    </groups>
    <test started-at="2020-08-20T10:55:28 IST" name="Test" finished-at="2020-08-20T10:55:35 IST" duration-ms="7634">
      <class name="WebdriverManagerUse.CallDriverManager">
        <test-method signature="test1()[pri:0, instance:WebdriverManagerUse.CallDriverManager@3b07a0d6]" started-at="2020-08-20T10:55:28 IST" name="test1" finished-at="2020-08-20T10:55:35 IST" duration-ms="7598" status="PASS">
          <reporter-output>
          </reporter-output>
        </test-method> <!-- test1 -->
      </class> <!-- WebdriverManagerUse.CallDriverManager -->
    </test> <!-- Test -->
  </suite> <!-- Suite -->
</testng-results>
